<html>
<head>
<title>TestNG:  test4Demo</title>
<link href="../testng.css" rel="stylesheet" type="text/css" />
<link href="../my-testng.css" rel="stylesheet" type="text/css" />

<style type="text/css">
.log { display: none;} 
.stack-trace { display: none;} 
</style>
<script type="text/javascript">
<!--
function flip(e) {
  current = e.style.display;
  if (current == 'block') {
    e.style.display = 'none';
    return 0;
  }
  else {
    e.style.display = 'block';
    return 1;
  }
}

function toggleBox(szDivId, elem, msg1, msg2)
{
  var res = -1;  if (document.getElementById) {
    res = flip(document.getElementById(szDivId));
  }
  else if (document.all) {
    // this is the way old msie versions work
    res = flip(document.all[szDivId]);
  }
  if(elem) {
    if(res == 0) elem.innerHTML = msg1; else elem.innerHTML = msg2;
  }

}

function toggleAllBoxes() {
  if (document.getElementsByTagName) {
    d = document.getElementsByTagName('div');
    for (i = 0; i < d.length; i++) {
      if (d[i].className == 'log') {
        flip(d[i]);
      }
    }
  }
}

// -->
</script>

</head>
<body>
<h2 align='center'>test4Demo</h2><table border='1' align="center">
<tr>
<td>Tests passed/Failed/Skipped:</td><td>5/1/0</td>
</tr><tr>
<td>Started on:</td><td>Mon Aug 19 10:31:41 CST 2019</td>
</tr>
<tr><td>Total time:</td><td>1 seconds (1689 ms)</td>
</tr><tr>
<td>Included groups:</td><td></td>
</tr><tr>
<td>Excluded groups:</td><td></td>
</tr>
</table><p/>
<small><i>(Hover the method name to see the test class name)</i></small><p/>
<table width='100%' border='1' class='invocation-failed'>
<tr><td colspan='4' align='center'><b>FAILED TESTS</b></td></tr>
<tr><td><b>Test method</b></td>
<td width="30%"><b>Exception</b></td>
<td width="10%"><b>Time (seconds)</b></td>
<td><b>Instance</b></td>
</tr>
<tr>
<td title='sence.loginTest.runScenario()'><b>runScenario</b><br>Test class: sence.loginTest<br>Parameters: 04 - case5:输入错误密码123<br/>
<a href="#Output-1944798106" onClick='toggleBox("Output-1944798106", this, "Show output", "Hide output");'>Show output</a>

<a href="#Output-1944798106" onClick="toggleAllBoxes();">Show all outputs</a>
<div class='log' id="Output-1944798106">
=============鎵ц缁撴灉: Failed=============<br/>
</div>
</td>
<td><div><pre>org.test4j.spec.exceptions.ScenarioAssertError: 04 - case5:输入错误密码123
 throw an exception:
java.lang.RuntimeException: Invoke class (sence.loginTest.java:1) method[checkMsg] error:
Invoke spec method[checkMsg] error:java.lang.AssertionError: expected [用户名不存在！] but found [密码不正确！]!
java.lang.RuntimeException: Invoke class (sence.loginTest.java:1) method[checkMsg] error:
Invoke spec method[checkMsg] error:java.lang.AssertionError: expected [用户名不存在！] but found [密码不正确！]!
	at org.test4j.spec.JSpecExecutorFactory.runSingleStep(JSpecExecutorFactory.java:216)
	at org.test4j.spec.JSpecExecutorFactory.runScenario(JSpecExecutorFactory.java:178)
	at org.test4j.testng.JSpec.run(JSpec.java:75)
	at sence.loginTest.runScenario(loginTest.java:23)
	at org.test4j.testng.Test4JHookable.run(Test4JHookable.java:56)
	at org.apache.maven.surefire.testng.TestNGExecutor.run(TestNGExecutor.java:293)
	at org.apache.maven.surefire.testng.TestNGXmlTestSuite.execute(TestNGXmlTestSuite.java:84)
	at org.apache.maven.surefire.testng.TestNGProvider.invoke(TestNGProvider.java:91)
	at org.apache.maven.surefire.booter.ForkedBooter.invokeProviderInSameClassLoader(ForkedBooter.java:200)
	at org.apache.maven.surefire.booter.ForkedBooter.runSuitesInProcess(ForkedBooter.java:153)
	at org.apache.maven.surefire.booter.ForkedBooter.main(ForkedBooter.java:103)
Caused by: java.lang.RuntimeException: Invoke spec method[checkMsg] error:java.lang.AssertionError: expected [用户名不存在！] but found [密码不正确！]
	at org.test4j.spec.scenario.step.SpecMethod.execute(SpecMethod.java:98)
	at org.test4j.spec.JSpecExecutorFactory.runSingleStep(JSpecExecutorFactory.java:210)
	... 37 more
Caused by: java.lang.RuntimeException: java.lang.AssertionError: expected [用户名不存在！] but found [密码不正确！]
	at org.test4j.tools.commons.ExceptionWrapper.wrapWithRuntimeException(ExceptionWrapper.java:106)
	at org.test4j.spec.scenario.step.SpecMethod.execute(SpecMethod.java:93)
	... 38 more
Caused by: java.lang.AssertionError: expected [用户名不存在！] but found [密码不正确！]
	at sence.loginTest.checkMsg(loginTest.java:55)
	... 39 more

04 - case5:输入错误密码123 throw errors at:
	at org.test4j.spec.JSpecExecutorFactory.runScenario(JSpecExecutorFactory.java:191)
	at org.test4j.testng.JSpec.run(JSpec.java:75)
	at sence.loginTest.runScenario(loginTest.java:23)
	at org.test4j.testng.Test4JHookable.run(Test4JHookable.java:56)
	at org.apache.maven.surefire.testng.TestNGExecutor.run(TestNGExecutor.java:293)
	at org.apache.maven.surefire.testng.TestNGXmlTestSuite.execute(TestNGXmlTestSuite.java:84)
	at org.apache.maven.surefire.testng.TestNGProvider.invoke(TestNGProvider.java:91)
	at org.apache.maven.surefire.booter.ForkedBooter.invokeProviderInSameClassLoader(ForkedBooter.java:200)
	at org.apache.maven.surefire.booter.ForkedBooter.runSuitesInProcess(ForkedBooter.java:153)
	at org.apache.maven.surefire.booter.ForkedBooter.main(ForkedBooter.java:103)
... Removed 43 stack frames</pre></div><a href='#' onClick='toggleBox("stack-trace1944798106", this, "Click to show all stack frames", "Click to hide stack frames")'>Click to show all stack frames</a>
<div class='stack-trace' id='stack-trace1944798106'><pre>org.test4j.spec.exceptions.ScenarioAssertError: 04 - case5:输入错误密码123
 throw an exception:
java.lang.RuntimeException: Invoke class (sence.loginTest.java:1) method[checkMsg] error:
Invoke spec method[checkMsg] error:java.lang.AssertionError: expected [用户名不存在！] but found [密码不正确！]!
java.lang.RuntimeException: Invoke class (sence.loginTest.java:1) method[checkMsg] error:
Invoke spec method[checkMsg] error:java.lang.AssertionError: expected [用户名不存在！] but found [密码不正确！]!
	at org.test4j.spec.JSpecExecutorFactory.runSingleStep(JSpecExecutorFactory.java:216)
	at org.test4j.spec.JSpecExecutorFactory.runScenario(JSpecExecutorFactory.java:178)
	at org.test4j.testng.JSpec.run(JSpec.java:75)
	at sence.loginTest.runScenario(loginTest.java:23)
	at sun.reflect.NativeMethodAccessorImpl.invoke0(Native Method)
	at sun.reflect.NativeMethodAccessorImpl.invoke(NativeMethodAccessorImpl.java:62)
	at sun.reflect.DelegatingMethodAccessorImpl.invoke(DelegatingMethodAccessorImpl.java:43)
	at java.lang.reflect.Method.invoke(Method.java:498)
	at org.testng.internal.MethodInvocationHelper.invokeMethod(MethodInvocationHelper.java:80)
	at org.testng.internal.MethodInvocationHelper$1.runTestMethod(MethodInvocationHelper.java:182)
	at org.test4j.testng.Test4JHookable.run(Test4JHookable.java:56)
	at sun.reflect.NativeMethodAccessorImpl.invoke0(Native Method)
	at sun.reflect.NativeMethodAccessorImpl.invoke(NativeMethodAccessorImpl.java:62)
	at sun.reflect.DelegatingMethodAccessorImpl.invoke(DelegatingMethodAccessorImpl.java:43)
	at java.lang.reflect.Method.invoke(Method.java:498)
	at org.testng.internal.MethodInvocationHelper.invokeHookable(MethodInvocationHelper.java:194)
	at org.testng.internal.Invoker.invokeMethod(Invoker.java:707)
	at org.testng.internal.Invoker.invokeTestMethod(Invoker.java:901)
	at org.testng.internal.Invoker.invokeTestMethods(Invoker.java:1231)
	at org.testng.internal.TestMethodWorker.invokeTestMethods(TestMethodWorker.java:127)
	at org.testng.internal.TestMethodWorker.run(TestMethodWorker.java:111)
	at org.testng.TestRunner.privateRun(TestRunner.java:767)
	at org.testng.TestRunner.run(TestRunner.java:617)
	at org.testng.SuiteRunner.runTest(SuiteRunner.java:334)
	at org.testng.SuiteRunner.runSequentially(SuiteRunner.java:329)
	at org.testng.SuiteRunner.privateRun(SuiteRunner.java:291)
	at org.testng.SuiteRunner.run(SuiteRunner.java:240)
	at org.testng.SuiteRunnerWorker.runSuite(SuiteRunnerWorker.java:52)
	at org.testng.SuiteRunnerWorker.run(SuiteRunnerWorker.java:86)
	at org.testng.TestNG.runSuitesSequentially(TestNG.java:1198)
	at org.testng.TestNG.runSuitesLocally(TestNG.java:1123)
	at org.testng.TestNG.run(TestNG.java:1031)
	at org.apache.maven.surefire.testng.TestNGExecutor.run(TestNGExecutor.java:293)
	at org.apache.maven.surefire.testng.TestNGXmlTestSuite.execute(TestNGXmlTestSuite.java:84)
	at org.apache.maven.surefire.testng.TestNGProvider.invoke(TestNGProvider.java:91)
	at org.apache.maven.surefire.booter.ForkedBooter.invokeProviderInSameClassLoader(ForkedBooter.java:200)
	at org.apache.maven.surefire.booter.ForkedBooter.runSuitesInProcess(ForkedBooter.java:153)
	at org.apache.maven.surefire.booter.ForkedBooter.main(ForkedBooter.java:103)
Caused by: java.lang.RuntimeException: Invoke spec method[checkMsg] error:java.lang.AssertionError: expected [用户名不存在！] but found [密码不正确！]
	at org.test4j.spec.scenario.step.SpecMethod.execute(SpecMethod.java:98)
	at org.test4j.spec.JSpecExecutorFactory.runSingleStep(JSpecExecutorFactory.java:210)
	... 37 more
Caused by: java.lang.RuntimeException: java.lang.AssertionError: expected [用户名不存在！] but found [密码不正确！]
	at org.test4j.tools.commons.ExceptionWrapper.wrapWithRuntimeException(ExceptionWrapper.java:106)
	at org.test4j.tools.reflector.MethodAccessor.invokeUnThrow(MethodAccessor.java:75)
	at org.test4j.spec.scenario.step.SpecMethod.execute(SpecMethod.java:93)
	... 38 more
Caused by: java.lang.AssertionError: expected [用户名不存在！] but found [密码不正确！]
	at org.testng.Assert.fail(Assert.java:94)
	at org.testng.Assert.failNotEquals(Assert.java:494)
	at org.testng.Assert.assertEquals(Assert.java:123)
	at org.testng.Assert.assertEquals(Assert.java:176)
	at org.testng.Assert.assertEquals(Assert.java:186)
	at sence.loginTest.checkMsg(loginTest.java:55)
	at sun.reflect.NativeMethodAccessorImpl.invoke0(Native Method)
	at sun.reflect.NativeMethodAccessorImpl.invoke(NativeMethodAccessorImpl.java:62)
	at sun.reflect.DelegatingMethodAccessorImpl.invoke(DelegatingMethodAccessorImpl.java:43)
	at java.lang.reflect.Method.invoke(Method.java:498)
	at org.test4j.tools.reflector.MethodAccessor.invoke(MethodAccessor.java:49)
	at org.test4j.tools.reflector.MethodAccessor.invokeUnThrow(MethodAccessor.java:72)
	... 39 more

04 - case5:输入错误密码123 throw errors at:
	at org.test4j.spec.JSpecExecutorFactory.runScenario(JSpecExecutorFactory.java:191)
	at org.test4j.testng.JSpec.run(JSpec.java:75)
	at sence.loginTest.runScenario(loginTest.java:23)
	at sun.reflect.NativeMethodAccessorImpl.invoke0(Native Method)
	at java.lang.reflect.Method.invoke(Method.java:498)
	at org.test4j.testng.Test4JHookable.run(Test4JHookable.java:56)
	at sun.reflect.NativeMethodAccessorImpl.invoke0(Native Method)
	at java.lang.reflect.Method.invoke(Method.java:498)
	at org.apache.maven.surefire.testng.TestNGExecutor.run(TestNGExecutor.java:293)
	at org.apache.maven.surefire.testng.TestNGXmlTestSuite.execute(TestNGXmlTestSuite.java:84)
	at org.apache.maven.surefire.testng.TestNGProvider.invoke(TestNGProvider.java:91)
	at org.apache.maven.surefire.booter.ForkedBooter.invokeProviderInSameClassLoader(ForkedBooter.java:200)
	at org.apache.maven.surefire.booter.ForkedBooter.runSuitesInProcess(ForkedBooter.java:153)
	at org.apache.maven.surefire.booter.ForkedBooter.main(ForkedBooter.java:103)
</pre></div></td>
<td>0</td>
<td>sence.loginTest@4667ae56</td></tr>
</table><p>
<table width='100%' border='1' class='invocation-passed'>
<tr><td colspan='4' align='center'><b>PASSED TESTS</b></td></tr>
<tr><td><b>Test method</b></td>
<td width="30%"><b>Exception</b></td>
<td width="10%"><b>Time (seconds)</b></td>
<td><b>Instance</b></td>
</tr>
<tr>
<td title='sence.createServerTest.runScenario()'><b>runScenario</b><br>Test class: sence.createServerTest<br>Test method: 鏂板鏈嶅姟<br>Parameters: 01 - case1:登录后新增服务，状态=空闲<br/>
<a href="#Output-764419760" onClick='toggleBox("Output-764419760", this, "Show output", "Hide output");'>Show output</a>

<a href="#Output-764419760" onClick="toggleAllBoxes();">Show all outputs</a>
<div class='log' id="Output-764419760">
=============鎵ц缁撴灉: Success=============<br/>
</div>
</td>
<td></td>
<td>1</td>
<td>sence.createServerTest@42dafa95</td></tr>
<tr>
<td title='sence.createServerTest.runScenario()'><b>runScenario</b><br>Test class: sence.createServerTest<br>Test method: 鏂板鏈嶅姟<br>Parameters: 02 - case2:登录后新增服务，状态=使用中<br/>
<a href="#Output-384515747" onClick='toggleBox("Output-384515747", this, "Show output", "Hide output");'>Show output</a>

<a href="#Output-384515747" onClick="toggleAllBoxes();">Show all outputs</a>
<div class='log' id="Output-384515747">
=============鎵ц缁撴灉: Success=============<br/>
</div>
</td>
<td></td>
<td>0</td>
<td>sence.createServerTest@42dafa95</td></tr>
<tr>
<td title='sence.loginTest.runScenario()'><b>runScenario</b><br>Test class: sence.loginTest<br>Parameters: 01 - case1:输入正确用户名、密码<br/>
<a href="#Output-1529115495" onClick='toggleBox("Output-1529115495", this, "Show output", "Hide output");'>Show output</a>

<a href="#Output-1529115495" onClick="toggleAllBoxes();">Show all outputs</a>
<div class='log' id="Output-1529115495">
=============鎵ц缁撴灉: Success=============<br/>
</div>
</td>
<td></td>
<td>0</td>
<td>sence.loginTest@4667ae56</td></tr>
<tr>
<td title='sence.loginTest.runScenario()'><b>runScenario</b><br>Test class: sence.loginTest<br>Parameters: 02 - case2:输入错误用户名<br/>
<a href="#Output-589273327" onClick='toggleBox("Output-589273327", this, "Show output", "Hide output");'>Show output</a>

<a href="#Output-589273327" onClick="toggleAllBoxes();">Show all outputs</a>
<div class='log' id="Output-589273327">
=============鎵ц缁撴灉: Success=============<br/>
</div>
</td>
<td></td>
<td>0</td>
<td>sence.loginTest@4667ae56</td></tr>
<tr>
<td title='sence.loginTest.runScenario()'><b>runScenario</b><br>Test class: sence.loginTest<br>Parameters: 03 - case3:输入错误密码<br/>
<a href="#Output-138817329" onClick='toggleBox("Output-138817329", this, "Show output", "Hide output");'>Show output</a>

<a href="#Output-138817329" onClick="toggleAllBoxes();">Show all outputs</a>
<div class='log' id="Output-138817329">
=============鎵ц缁撴灉: Success=============<br/>
</div>
</td>
<td></td>
<td>0</td>
<td>sence.loginTest@4667ae56</td></tr>
</table><p>
</body>
</html>